 Image saversurev2-api Building 
#1 [internal] load local bake definitions
#1 reading from stdin 497B done
#1 DONE 0.0s

#2 [internal] load build definition from Dockerfile
#2 transferring dockerfile: 500B done
#2 DONE 0.0s

#3 [internal] load metadata for docker.io/library/alpine:3.21
#3 DONE 0.9s

#4 [internal] load metadata for docker.io/library/golang:1.24-alpine
#4 DONE 1.0s

#5 [internal] load .dockerignore
#5 transferring context: 2B done
#5 DONE 0.0s

#6 [stage-1 1/6] FROM docker.io/library/alpine:3.21@sha256:c3f8e73fdb79deaebaa2037150150191b9dcbfba68b4a46d70103204c53f4709
#6 resolve docker.io/library/alpine:3.21@sha256:c3f8e73fdb79deaebaa2037150150191b9dcbfba68b4a46d70103204c53f4709 0.0s done
#6 DONE 0.0s

#7 [builder 1/6] FROM docker.io/library/golang:1.24-alpine@sha256:8bee1901f1e530bfb4a7850aa7a479d17ae3a18beb6e09064ed54cfd245b7191
#7 resolve docker.io/library/golang:1.24-alpine@sha256:8bee1901f1e530bfb4a7850aa7a479d17ae3a18beb6e09064ed54cfd245b7191 0.0s done
#7 DONE 0.0s

#8 [internal] load build context
#8 transferring context: 13.93kB 0.0s done
#8 DONE 0.0s

#9 [builder 2/6] WORKDIR /app
#9 CACHED

#10 [builder 3/6] COPY go.mod go.sum ./
#10 CACHED

#11 [builder 4/6] RUN go mod download
#11 CACHED

#12 [builder 5/6] COPY . .
#12 DONE 0.2s

#13 [builder 6/6] RUN go mod tidy && CGO_ENABLED=0 go build -o /saversure-api ./cmd/api
#13 0.567 go: downloading github.com/stretchr/testify v1.10.0
#13 0.571 go: downloading github.com/bsm/ginkgo/v2 v2.12.0
#13 0.572 go: downloading github.com/bsm/gomega v1.27.10
#13 0.666 go: downloading gopkg.in/check.v1 v1.0.0-20201130134442-10cb98267c6c
#13 0.684 go: downloading github.com/go-playground/assert/v2 v2.2.0
#13 0.702 go: downloading github.com/google/go-cmp v0.5.5
#13 0.790 go: downloading github.com/davecgh/go-spew v1.1.1
#13 0.833 go: downloading github.com/pmezard/go-difflib v1.0.0
#13 0.858 go: downloading github.com/kr/pretty v0.3.0
#13 0.882 go: downloading golang.org/x/xerrors v0.0.0-20191204190536-9bdfabe68543
#13 0.897 go: downloading github.com/rogpeppe/go-internal v1.8.0
#13 18.78 # saversure/cmd/api
#13 18.78 cmd/api/main.go:260:14: svc.AwardPoints undefined (type *ledger.Service has no field or method AwardPoints)
#13 ERROR: process "/bin/sh -c go mod tidy && CGO_ENABLED=0 go build -o /saversure-api ./cmd/api" did not complete successfully: exit code: 1
------
 > [builder 6/6] RUN go mod tidy && CGO_ENABLED=0 go build -o /saversure-api ./cmd/api:
0.666 go: downloading gopkg.in/check.v1 v1.0.0-20201130134442-10cb98267c6c
0.684 go: downloading github.com/go-playground/assert/v2 v2.2.0
0.702 go: downloading github.com/google/go-cmp v0.5.5
0.790 go: downloading github.com/davecgh/go-spew v1.1.1
0.833 go: downloading github.com/pmezard/go-difflib v1.0.0
0.858 go: downloading github.com/kr/pretty v0.3.0
0.882 go: downloading golang.org/x/xerrors v0.0.0-20191204190536-9bdfabe68543
0.897 go: downloading github.com/rogpeppe/go-internal v1.8.0
18.78 # saversure/cmd/api
18.78 cmd/api/main.go:260:14: svc.AwardPoints undefined (type *ledger.Service has no field or method AwardPoints)
------
Dockerfile:9

--------------------

   7 |     

   8 |     COPY . .

   9 | >>> RUN go mod tidy && CGO_ENABLED=0 go build -o /saversure-api ./cmd/api

  10 |     

  11 |     # Run stage

--------------------

failed to solve: process "/bin/sh -c go mod tidy && CGO_ENABLED=0 go build -o /saversure-api ./cmd/api" did not complete successfully: exit code: 1

